[2024-04-05T05:17:24.815Z] GET /login
[2024-04-05T05:17:24.851Z] GET /style.css
[2024-04-05T05:17:24.871Z] GET /img.jpg
[2024-04-05T05:17:24.891Z] GET /favicon.ico
[2024-04-05T05:17:30.654Z] POST /login
[2024-04-05T05:17:30.809Z] GET /dashboard
[2024-04-05T05:17:30.860Z] GET /dashboard.css
[2024-04-05T05:17:30.865Z] GET /search-logo.png
[2024-04-05T05:17:30.869Z] GET /cart-logo.png
[2024-04-05T05:17:30.870Z] GET /dashboard.js
[2024-04-05T05:17:30.871Z] GET /painting1.jpg
[2024-04-05T05:17:30.873Z] GET /painting2.jpg
[2024-04-05T05:17:30.877Z] GET /painting3.jpg
[2024-04-05T05:17:30.887Z] GET /img.jpg
[2024-04-05T05:17:30.942Z] GET /get-username
[2024-04-05T05:35:07.416Z] GET /login
[2024-04-05T05:35:07.462Z] GET /style.css
[2024-04-05T05:35:07.491Z] GET /img.jpg
[2024-04-05T05:35:07.512Z] GET /favicon.ico
[2024-04-05T05:35:14.391Z] POST /login
[2024-04-05T05:35:14.563Z] GET /dashboard
[2024-04-05T05:35:14.613Z] GET /search-logo.png
[2024-04-05T05:35:14.615Z] GET /cart-logo.png
[2024-04-05T05:35:14.617Z] GET /painting2.jpg
[2024-04-05T05:35:14.621Z] GET /dashboard.js
[2024-04-05T05:35:14.619Z] GET /painting1.jpg
[2024-04-05T05:35:14.622Z] GET /dashboard.css
[2024-04-05T05:35:14.628Z] GET /painting3.jpg
[2024-04-05T05:35:14.638Z] GET /get-username
[2024-04-05T05:35:14.646Z] GET /img.jpg
[2024-04-05T05:38:23.706Z] GET /dashboard
[2024-04-05T05:38:23.725Z] GET /dashboard.css
[2024-04-05T05:38:23.726Z] GET /cart-logo.png
[2024-04-05T05:38:23.729Z] GET /painting1.jpg
[2024-04-05T05:38:23.732Z] GET /painting2.jpg
[2024-04-05T05:38:23.733Z] GET /painting3.jpg
[2024-04-05T05:38:23.736Z] GET /dashboard.js
[2024-04-05T05:38:23.737Z] GET /img.jpg
[2024-04-05T05:38:28.878Z] GET /new-product1.jpg
[2024-04-05T05:38:28.889Z] GET /new-product2.jpg
[2024-04-05T05:38:28.907Z] GET /new-product3.jpg
[2024-04-05T05:38:49.562Z] GET /login
[2024-04-05T05:38:49.592Z] GET /style.css
[2024-04-05T05:38:49.630Z] GET /img.jpg
[2024-04-05T05:38:55.745Z] POST /login
[2024-04-05T05:38:55.880Z] GET /dashboard
[2024-04-05T05:38:55.911Z] GET /dashboard.css
[2024-04-05T05:38:55.913Z] GET /search-logo.png
[2024-04-05T05:38:55.916Z] GET /painting1.jpg
[2024-04-05T05:38:55.917Z] GET /cart-logo.png
[2024-04-05T05:38:55.918Z] GET /painting2.jpg
[2024-04-05T05:38:55.919Z] GET /painting3.jpg
[2024-04-05T05:38:55.922Z] GET /dashboard.js
[2024-04-05T05:38:55.933Z] GET /img.jpg
[2024-04-05T05:38:55.994Z] GET /get-username
[2024-04-05T05:39:00.319Z] GET /just-launched
[2024-04-05T05:41:38.199Z] GET /dashboard
[2024-04-05T05:41:38.246Z] GET /dashboard.css
[2024-04-05T05:41:38.248Z] GET /search-logo.png
[2024-04-05T05:41:38.249Z] GET /cart-logo.png
[2024-04-05T05:41:38.253Z] GET /painting1.jpg
[2024-04-05T05:41:38.254Z] GET /painting2.jpg
[2024-04-05T05:41:38.256Z] GET /dashboard.js
[2024-04-05T05:41:38.255Z] GET /painting3.jpg
[2024-04-05T05:41:38.266Z] GET /img.jpg
[2024-04-05T05:41:38.279Z] GET /get-username
[2024-04-05T12:57:50.509Z] GET /
[2024-04-05T12:57:50.523Z] GET /login
[2024-04-05T12:57:50.541Z] GET /style.css
[2024-04-05T12:57:50.563Z] GET /img.jpg
[2024-04-05T12:57:50.581Z] GET /favicon.ico
[2024-04-05T12:57:55.386Z] POST /login
[2024-04-05T12:57:55.481Z] GET /dashboard
[2024-04-05T12:57:55.494Z] GET /dashboard.css
[2024-04-05T12:57:55.498Z] GET /search-logo.png
[2024-04-05T12:57:55.501Z] GET /painting3.jpg
[2024-04-05T12:57:55.502Z] GET /cart-logo.png
[2024-04-05T12:57:55.504Z] GET /painting1.jpg
[2024-04-05T12:57:55.505Z] GET /painting2.jpg
[2024-04-05T12:57:55.507Z] GET /dashboard.js
[2024-04-05T12:57:55.512Z] GET /get-username
[2024-04-05T12:57:55.518Z] GET /img.jpg
[2024-04-05T13:01:49.016Z] GET /dashboard
[2024-04-05T13:01:49.048Z] GET /dashboard.css
[2024-04-05T13:01:49.053Z] GET /painting1.jpg
[2024-04-05T13:01:49.054Z] GET /search-logo.png
[2024-04-05T13:01:49.056Z] GET /cart-logo.png
[2024-04-05T13:01:49.059Z] GET /painting2.jpg
[2024-04-05T13:01:49.060Z] GET /painting3.jpg
[2024-04-05T13:01:49.065Z] GET /dashboard.js
[2024-04-05T13:01:49.076Z] GET /img.jpg
[2024-04-05T13:01:49.077Z] GET /get-username
[2024-04-05T13:01:54.497Z] GET /about
[2024-04-05T13:01:54.531Z] GET /splash-logo.png
[2024-04-05T13:01:55.856Z] GET /dashboard
[2024-04-05T13:01:55.878Z] GET /dashboard.css
[2024-04-05T13:01:55.883Z] GET /search-logo.png
[2024-04-05T13:01:55.885Z] GET /cart-logo.png
[2024-04-05T13:01:55.888Z] GET /painting3.jpg
[2024-04-05T13:01:55.893Z] GET /dashboard.js
[2024-04-05T13:01:55.894Z] GET /painting1.jpg
[2024-04-05T13:01:55.895Z] GET /painting2.jpg
[2024-04-05T13:01:55.902Z] GET /get-username
[2024-04-05T13:01:57.411Z] GET /personalized-art
[2024-04-05T13:02:05.488Z] GET /about
[2024-04-05T13:02:05.513Z] GET /splash-logo.png
[2024-04-05T13:02:08.016Z] GET /dashboard
[2024-04-05T13:02:08.057Z] GET /dashboard.css
[2024-04-05T13:02:08.059Z] GET /search-logo.png
[2024-04-05T13:02:08.062Z] GET /cart-logo.png
[2024-04-05T13:02:08.066Z] GET /painting3.jpg
[2024-04-05T13:02:08.067Z] GET /painting2.jpg
[2024-04-05T13:02:08.068Z] GET /dashboard.js
[2024-04-05T13:02:08.070Z] GET /painting1.jpg
[2024-04-05T13:02:08.084Z] GET /get-username
[2024-04-12T11:35:22.957Z] GET /
[2024-04-12T11:35:22.993Z] GET /login
[2024-04-12T11:35:23.014Z] GET /style.css
[2024-04-12T11:35:23.046Z] GET /img.jpg
[2024-04-12T11:35:24.984Z] GET /favicon.ico
[2024-04-12T11:35:31.084Z] POST /login
[2024-04-12T11:35:31.283Z] GET /dashboard
[2024-04-12T11:35:31.340Z] GET /painting3.jpg
[2024-04-12T11:35:31.334Z] GET /search-logo.png
[2024-04-12T11:35:31.337Z] GET /cart-logo.png
[2024-04-12T11:35:31.342Z] GET /painting2.jpg
[2024-04-12T11:35:31.343Z] GET /dashboard.css
[2024-04-12T11:35:31.348Z] GET /dashboard.js
[2024-04-12T11:35:31.349Z] GET /painting1.jpg
[2024-04-12T11:35:31.363Z] GET /img.jpg
[2024-04-12T11:35:31.410Z] GET /get-username
[2024-04-12T11:35:40.990Z] GET /about
[2024-04-12T11:35:41.016Z] GET /splash-logo.png
[2024-04-20T15:17:32.034Z] GET /
[2024-04-20T15:17:32.256Z] GET /index.css
[2024-04-20T15:17:32.263Z] GET /painting2.jpg
[2024-04-20T15:17:32.270Z] GET /painting3.jpg
[2024-04-20T15:17:32.273Z] GET /splash-logo.png
[2024-04-20T15:17:32.275Z] GET /gubbi.jpg
[2024-04-20T15:17:32.285Z] GET /tree%20painting.jpg
[2024-04-20T15:17:32.295Z] GET /badge.png
[2024-04-20T15:17:32.334Z] GET /js/main.js
[2024-04-20T15:17:32.374Z] GET /delivery-truck.png
[2024-04-20T15:17:32.381Z] GET /wallet.png
[2024-04-20T15:17:32.392Z] GET /splash%20creamy%20yellow.png
[2024-04-20T15:17:32.473Z] GET /painting%201.jpg
[2024-04-20T15:17:32.624Z] GET /favicon.ico
[2024-04-20T15:18:56.564Z] GET /
[2024-04-20T15:18:56.948Z] GET /index.css
[2024-04-20T15:18:56.962Z] GET /js/main.js
[2024-04-20T15:18:57.049Z] GET /splash-logo.png
[2024-04-20T15:18:57.054Z] GET /painting2.jpg
[2024-04-20T15:18:57.078Z] GET /delivery-truck.png
[2024-04-20T15:18:57.082Z] GET /wallet.png
[2024-04-20T15:18:57.086Z] GET /painting3.jpg
[2024-04-20T15:18:57.090Z] GET /gubbi.jpg
[2024-04-20T15:18:57.098Z] GET /tree%20painting.jpg
[2024-04-20T15:18:57.110Z] GET /badge.png
[2024-04-20T15:18:57.127Z] GET /splash%20creamy%20yellow.png
[2024-04-20T15:18:57.150Z] GET /painting%201.jpg
[2024-04-20T15:18:58.536Z] GET /login.html
[2024-04-20T15:18:58.903Z] GET /style.css
[2024-04-20T15:18:59.016Z] GET /img.jpg
[2024-04-20T15:19:17.075Z] POST /login
[2024-04-20T15:19:17.433Z] GET /dashboard
[2024-04-20T15:19:17.458Z] GET /login
[2024-04-20T15:19:17.573Z] GET /style.css
[2024-04-20T15:19:17.610Z] GET /img.jpg
[2024-04-20T15:19:28.002Z] POST /login
[2024-04-20T15:19:28.057Z] GET /dashboard
[2024-04-20T15:19:28.131Z] GET /login
[2024-04-20T15:19:28.295Z] GET /style.css
[2024-04-20T15:19:28.321Z] GET /img.jpg
[2024-04-20T15:19:30.429Z] GET /signup
[2024-04-20T15:19:30.766Z] GET /style.css
[2024-04-20T15:19:30.989Z] GET /img.jpg
[2024-04-20T15:20:05.078Z] POST /signup
[2024-04-20T15:20:05.207Z] GET /login
[2024-04-20T15:20:05.379Z] GET /style.css
[2024-04-20T15:20:05.413Z] GET /img.jpg
[2024-04-20T15:20:18.563Z] POST /login
[2024-04-20T15:20:18.626Z] GET /dashboard
[2024-04-20T15:20:18.694Z] GET /login
[2024-04-20T15:20:18.865Z] GET /style.css
[2024-04-20T15:20:18.888Z] GET /img.jpg
